<?xml version="1.0" encoding="UTF-8"?>
<testsuite name="nl.mallepetrus.rptv.it.XtreamCrudIT" tests="1" skipped="1" failures="0" errors="0" timestamp="2025-12-15T22:28:09.167Z" hostname="PC_M" time="0.001">
  <properties/>
  <testcase name="xtream_crud_and_ownership()" classname="nl.mallepetrus.rptv.it.XtreamCrudIT" time="0.001">
    <skipped/>
  </testcase>
  <system-out><![CDATA[23:28:08.614 [Test worker] INFO org.springframework.test.context.support.AnnotationConfigContextLoaderUtils -- Could not detect default configuration classes for test class [nl.mallepetrus.rptv.it.XtreamCrudIT]: XtreamCrudIT does not declare any static, non-private, non-final, nested classes annotated with @Configuration.
23:28:08.711 [Test worker] INFO org.springframework.boot.test.context.SpringBootTestContextBootstrapper -- Found @SpringBootConfiguration nl.mallepetrus.rptv.ReverseProxyTvApplication for test class nl.mallepetrus.rptv.it.XtreamCrudIT
23:28:08.837 [Test worker] INFO org.testcontainers.images.PullPolicy -- Image pull policy will be performed by: DefaultPullPolicy()
23:28:08.839 [Test worker] INFO org.testcontainers.utility.ImageNameSubstitutor -- Image name substitution will be performed by: DefaultImageNameSubstitutor (composite of 'ConfigurationFileImageNameSubstitutor' and 'PrefixingImageNameSubstitutor')
23:28:08.989 [Test worker] INFO org.testcontainers.dockerclient.DockerClientProviderStrategy -- Loaded org.testcontainers.dockerclient.NpipeSocketClientProviderStrategy from ~/.testcontainers.properties, will try it first
23:28:09.157 [Test worker] INFO org.testcontainers.dockerclient.DockerMachineClientProviderStrategy -- docker-machine executable was not found on PATH ([C:\Program Files\Common Files\Oracle\Java\javapath, C:\Python314\Scripts\, C:\Python314\, C:\Users\Shitj\AppData\Local\Programs\Python\Python313\Scripts\, C:\Users\Shitj\AppData\Local\Programs\Python\Python313\, C:\WINDOWS\system32, C:\WINDOWS, C:\WINDOWS\System32\Wbem, C:\WINDOWS\System32\WindowsPowerShell\v1.0\, C:\WINDOWS\System32\OpenSSH\, C:\Program Files\dotnet\, C:\Program Files\PuTTY\, C:\Program Files\Microsoft SQL Server\150\Tools\Binn\, C:\Program Files\Microsoft SQL Server\Client SDK\ODBC\170\Tools\Binn\, C:\Program Files\Git\cmd, C:\Program Files\Calibre2\, C:\ProgramData\chocolatey\bin, C:\Program Files\NVIDIA Corporation\NVIDIA App\NvDLISR, C:\Program Files (x86)\NVIDIA Corporation\PhysX\Common, C:\Program Files\nodejs\, C:\Program Files\PowerShell\7\, C:\Program Files\Docker\Docker\resources\bin, C:\Users\Shitj\AppData\Local\Programs\Python\Launcher\, C:\Users\Shitj\AppData\Local\Microsoft\WindowsApps, C:\Program Files\JetBrains\IntelliJ IDEA 2024.2.4\bin, C:\Users\Shitj\AppData\Local\Programs\Ollama, C:\Users\Shitj\.dotnet\tools, C:\Users\Shitj\AppData\Local\GitHubDesktop\bin, C:\Users\Shitj\AppData\Roaming\npm, C:\Users\Shitj\AppData\Local\Programs\Kiro\bin, C:\ffmpeg\bin])
23:28:09.158 [Test worker] ERROR org.testcontainers.dockerclient.DockerClientProviderStrategy -- Could not find a valid Docker environment. Please check configuration. Attempted configurations were:
	NpipeSocketClientProviderStrategy: failed with exception BadRequestException (Status 400: {"ID":"","Containers":0,"ContainersRunning":0,"ContainersPaused":0,"ContainersStopped":0,"Images":0,"Driver":"","DriverStatus":null,"Plugins":{"Volume":null,"Network":null,"Authorization":null,"Log":null},"MemoryLimit":false,"SwapLimit":false,"CpuCfsPeriod":false,"CpuCfsQuota":false,"CPUShares":false,"CPUSet":false,"PidsLimit":false,"IPv4Forwarding":false,"Debug":false,"NFd":0,"OomKillDisable":false,"NGoroutines":0,"SystemTime":"","LoggingDriver":"","CgroupDriver":"","NEventsListener":0,"KernelVersion":"","OperatingSystem":"","OSVersion":"","OSType":"","Architecture":"","IndexServerAddress":"","RegistryConfig":null,"NCPU":0,"MemTotal":0,"GenericResources":null,"DockerRootDir":"","HttpProxy":"","HttpsProxy":"","NoProxy":"","Name":"","Labels":["com.docker.desktop.address=npipe://\\\\.\\pipe\\docker_cli"],"ExperimentalBuild":false,"ServerVersion":"","Runtimes":null,"DefaultRuntime":"","Swarm":{"NodeID":"","NodeAddr":"","LocalNodeState":"","ControlAvailable":false,"Error":"","RemoteManagers":null},"LiveRestoreEnabled":false,"Isolation":"","InitBinary":"","ContainerdCommit":{"ID":""},"RuncCommit":{"ID":""},"InitCommit":{"ID":""},"SecurityOptions":null,"CDISpecDirs":null,"Warnings":null})As no valid configuration was found, execution cannot continue.
See https://java.testcontainers.org/on_failure.html for more details.
]]></system-out>
  <system-err><![CDATA[]]></system-err>
</testsuite>
